C:\USERS\VANTAN\DOCUMENTS\GITHUB\BOX-MAZE\3D GAME VER4.5\RELEASE\ANIMATION.OBJ
C:\USERS\VANTAN\DOCUMENTS\GITHUB\BOX-MAZE\3D GAME VER4.5\RELEASE\BILLBOARDCHAR.OBJ
C:\USERS\VANTAN\DOCUMENTS\GITHUB\BOX-MAZE\3D GAME VER4.5\RELEASE\BILLBOARDSTRING.OBJ
C:\USERS\VANTAN\DOCUMENTS\GITHUB\BOX-MAZE\3D GAME VER4.5\RELEASE\BOARD.OBJ
C:\USERS\VANTAN\DOCUMENTS\GITHUB\BOX-MAZE\3D GAME VER4.5\RELEASE\CAMERA_BASE.OBJ
C:\Users\vantan\Documents\GitHub\BOX-MAZE\3D game ver4.5\Release\cl.command.1.tlog
C:\Users\vantan\Documents\GitHub\BOX-MAZE\3D game ver4.5\Release\CL.read.1.tlog
C:\Users\vantan\Documents\GitHub\BOX-MAZE\3D game ver4.5\Release\CL.write.1.tlog
C:\USERS\VANTAN\DOCUMENTS\GITHUB\BOX-MAZE\3D GAME VER4.5\RELEASE\COLLISION_MANAGER.OBJ
C:\USERS\VANTAN\DOCUMENTS\GITHUB\BOX-MAZE\3D GAME VER4.5\RELEASE\COMMON.OBJ
C:\USERS\VANTAN\DOCUMENTS\GITHUB\BOX-MAZE\3D GAME VER4.5\RELEASE\CSV.OBJ
C:\USERS\VANTAN\DOCUMENTS\GITHUB\BOX-MAZE\3D GAME VER4.5\RELEASE\CUBE.OBJ
C:\USERS\VANTAN\DOCUMENTS\GITHUB\BOX-MAZE\3D GAME VER4.5\RELEASE\CUBE_MANAGER.OBJ
C:\USERS\VANTAN\DOCUMENTS\GITHUB\BOX-MAZE\3D GAME VER4.5\RELEASE\DXUT.OBJ
C:\USERS\VANTAN\DOCUMENTS\GITHUB\BOX-MAZE\3D GAME VER4.5\RELEASE\DXUTCAMERA.OBJ
C:\USERS\VANTAN\DOCUMENTS\GITHUB\BOX-MAZE\3D GAME VER4.5\RELEASE\DXUTENUM.OBJ
C:\USERS\VANTAN\DOCUMENTS\GITHUB\BOX-MAZE\3D GAME VER4.5\RELEASE\DXUTGUI.OBJ
C:\USERS\VANTAN\DOCUMENTS\GITHUB\BOX-MAZE\3D GAME VER4.5\RELEASE\DXUTMISC.OBJ
C:\USERS\VANTAN\DOCUMENTS\GITHUB\BOX-MAZE\3D GAME VER4.5\RELEASE\DXUTRES.OBJ
C:\USERS\VANTAN\DOCUMENTS\GITHUB\BOX-MAZE\3D GAME VER4.5\RELEASE\DXUTSETTINGSDLG.OBJ
C:\USERS\VANTAN\DOCUMENTS\GITHUB\BOX-MAZE\3D GAME VER4.5\RELEASE\EMPTYPROJECT.EXE
C:\USERS\VANTAN\DOCUMENTS\GITHUB\BOX-MAZE\3D GAME VER4.5\RELEASE\EMPTYPROJECT.EXE.INTERMEDIATE.MANIFEST
C:\USERS\VANTAN\DOCUMENTS\GITHUB\BOX-MAZE\3D GAME VER4.5\RELEASE\EMPTYPROJECT.PCH
C:\USERS\VANTAN\DOCUMENTS\GITHUB\BOX-MAZE\3D GAME VER4.5\RELEASE\EMPTYPROJECT.PDB
C:\USERS\VANTAN\DOCUMENTS\GITHUB\BOX-MAZE\3D GAME VER4.5\RELEASE\EMPTYPROJECT.RES
C:\Users\vantan\Documents\GitHub\BOX-MAZE\3D game ver4.5\Release\EmptyProject.write.1.tlog
C:\Users\vantan\Documents\GitHub\BOX-MAZE\3D game ver4.5\Release\EmptyProject_2010.vcxprojResolveAssemblyReference.cache
C:\USERS\VANTAN\DOCUMENTS\GITHUB\BOX-MAZE\3D GAME VER4.5\RELEASE\FONT.OBJ
C:\USERS\VANTAN\DOCUMENTS\GITHUB\BOX-MAZE\3D GAME VER4.5\RELEASE\FP_CAMERA.OBJ
C:\USERS\VANTAN\DOCUMENTS\GITHUB\BOX-MAZE\3D GAME VER4.5\RELEASE\GRAPHIC_BASE.OBJ
C:\USERS\VANTAN\DOCUMENTS\GITHUB\BOX-MAZE\3D GAME VER4.5\RELEASE\GRAPHICS_MANAGER.OBJ
C:\USERS\VANTAN\DOCUMENTS\GITHUB\BOX-MAZE\3D GAME VER4.5\RELEASE\INPUT.OBJ
C:\Users\vantan\Documents\GitHub\BOX-MAZE\3D game ver4.5\Release\link.command.1.tlog
C:\Users\vantan\Documents\GitHub\BOX-MAZE\3D game ver4.5\Release\link.read.1.tlog
C:\Users\vantan\Documents\GitHub\BOX-MAZE\3D game ver4.5\Release\link.write.1.tlog
C:\Users\vantan\Documents\GitHub\BOX-MAZE\3D game ver4.5\Release\link-cvtres.read.1.tlog
C:\Users\vantan\Documents\GitHub\BOX-MAZE\3D game ver4.5\Release\link-cvtres.write.1.tlog
C:\USERS\VANTAN\DOCUMENTS\GITHUB\BOX-MAZE\3D GAME VER4.5\RELEASE\MAIN.OBJ
C:\USERS\VANTAN\DOCUMENTS\GITHUB\BOX-MAZE\3D GAME VER4.5\RELEASE\MESH.OBJ
C:\Users\vantan\Documents\GitHub\BOX-MAZE\3D game ver4.5\Release\mt.command.1.tlog
C:\Users\vantan\Documents\GitHub\BOX-MAZE\3D game ver4.5\Release\mt.read.1.tlog
C:\Users\vantan\Documents\GitHub\BOX-MAZE\3D game ver4.5\Release\mt.write.1.tlog
C:\Users\vantan\Documents\GitHub\BOX-MAZE\3D game ver4.5\Release\rc.command.1.tlog
C:\Users\vantan\Documents\GitHub\BOX-MAZE\3D game ver4.5\Release\rc.read.1.tlog
C:\Users\vantan\Documents\GitHub\BOX-MAZE\3D game ver4.5\Release\rc.write.1.tlog
C:\USERS\VANTAN\DOCUMENTS\GITHUB\BOX-MAZE\3D GAME VER4.5\RELEASE\SCENE_EDIT.OBJ
C:\USERS\VANTAN\DOCUMENTS\GITHUB\BOX-MAZE\3D GAME VER4.5\RELEASE\SCENE_FADE.OBJ
C:\USERS\VANTAN\DOCUMENTS\GITHUB\BOX-MAZE\3D GAME VER4.5\RELEASE\SCENE_MANAGER.OBJ
C:\USERS\VANTAN\DOCUMENTS\GITHUB\BOX-MAZE\3D GAME VER4.5\RELEASE\SCENE_PLAY.OBJ
C:\USERS\VANTAN\DOCUMENTS\GITHUB\BOX-MAZE\3D GAME VER4.5\RELEASE\SCENE_TITLE.OBJ
C:\USERS\VANTAN\DOCUMENTS\GITHUB\BOX-MAZE\3D GAME VER4.5\RELEASE\SDKMESH.OBJ
C:\USERS\VANTAN\DOCUMENTS\GITHUB\BOX-MAZE\3D GAME VER4.5\RELEASE\SDKMISC.OBJ
C:\USERS\VANTAN\DOCUMENTS\GITHUB\BOX-MAZE\3D GAME VER4.5\RELEASE\SDKSOUND.OBJ
C:\USERS\VANTAN\DOCUMENTS\GITHUB\BOX-MAZE\3D GAME VER4.5\RELEASE\SDKWAVEFILE.OBJ
C:\USERS\VANTAN\DOCUMENTS\GITHUB\BOX-MAZE\3D GAME VER4.5\RELEASE\SHADER_BASE.OBJ
C:\USERS\VANTAN\DOCUMENTS\GITHUB\BOX-MAZE\3D GAME VER4.5\RELEASE\SHADER_DEPTH_BUFFER_SHADOW.OBJ
C:\USERS\VANTAN\DOCUMENTS\GITHUB\BOX-MAZE\3D GAME VER4.5\RELEASE\SHADER_DIRECTIONAL_LIGHT.OBJ
C:\USERS\VANTAN\DOCUMENTS\GITHUB\BOX-MAZE\3D GAME VER4.5\RELEASE\SHADER_LAMBERT.OBJ
C:\USERS\VANTAN\DOCUMENTS\GITHUB\BOX-MAZE\3D GAME VER4.5\RELEASE\SOUND.OBJ
C:\USERS\VANTAN\DOCUMENTS\GITHUB\BOX-MAZE\3D GAME VER4.5\RELEASE\SOUND_MANAGER.OBJ
C:\USERS\VANTAN\DOCUMENTS\GITHUB\BOX-MAZE\3D GAME VER4.5\RELEASE\SPRITE.OBJ
C:\Users\vantan\Documents\GitHub\BOX-MAZE\3D game ver4.5\Release\sprite2.obj
C:\USERS\VANTAN\DOCUMENTS\GITHUB\BOX-MAZE\3D GAME VER4.5\RELEASE\TEXTURE.OBJ
C:\USERS\VANTAN\DOCUMENTS\GITHUB\BOX-MAZE\3D GAME VER4.5\RELEASE\TP_CAMERA.OBJ
C:\USERS\VANTAN\DOCUMENTS\GITHUB\BOX-MAZE\3D GAME VER4.5\RELEASE\TRANSFORM.OBJ
C:\USERS\VANTAN\DOCUMENTS\GITHUB\BOX-MAZE\3D GAME VER4.5\RELEASE\USER_INTERFACE.OBJ
C:\USERS\VANTAN\DOCUMENTS\GITHUB\BOX-MAZE\3D GAME VER4.5\RELEASE\VC100.PDB
C:\USERS\VANTAN\DOCUMENTS\GITHUB\BOX-MAZE\3D GAME VER4.5\RELEASE\VIEW_CAMERA.OBJ
C:\USERS\VANTAN\DOCUMENTS\GITHUB\BOX-MAZE\3D GAME VER4.5\RELEASE\XFILE.OBJ
