C:\USERS\VANTAN\DOCUMENTS\GITHUB\BOX-MAZE\3D GAME VER4.5\DEBUG\ANIMATION.OBJ
C:\USERS\VANTAN\DOCUMENTS\GITHUB\BOX-MAZE\3D GAME VER4.5\DEBUG\BOARD.OBJ
C:\USERS\VANTAN\DOCUMENTS\GITHUB\BOX-MAZE\3D GAME VER4.5\DEBUG\CAMERA_BASE.OBJ
C:\Users\vantan\Documents\GitHub\BOX-MAZE\3D game ver4.5\Debug\cl.command.1.tlog
C:\Users\vantan\Documents\GitHub\BOX-MAZE\3D game ver4.5\Debug\CL.read.1.tlog
C:\Users\vantan\Documents\GitHub\BOX-MAZE\3D game ver4.5\Debug\CL.write.1.tlog
C:\USERS\VANTAN\DOCUMENTS\GITHUB\BOX-MAZE\3D GAME VER4.5\DEBUG\COLLISION_MANAGER.OBJ
C:\USERS\VANTAN\DOCUMENTS\GITHUB\BOX-MAZE\3D GAME VER4.5\DEBUG\COMMON.OBJ
C:\USERS\VANTAN\DOCUMENTS\GITHUB\BOX-MAZE\3D GAME VER4.5\DEBUG\CSV.OBJ
C:\USERS\VANTAN\DOCUMENTS\GITHUB\BOX-MAZE\3D GAME VER4.5\DEBUG\CUBE.OBJ
C:\USERS\VANTAN\DOCUMENTS\GITHUB\BOX-MAZE\3D GAME VER4.5\DEBUG\CUBE_MANAGER.OBJ
C:\USERS\VANTAN\DOCUMENTS\GITHUB\BOX-MAZE\3D GAME VER4.5\DEBUG\DXUT.OBJ
C:\USERS\VANTAN\DOCUMENTS\GITHUB\BOX-MAZE\3D GAME VER4.5\DEBUG\DXUTCAMERA.OBJ
C:\USERS\VANTAN\DOCUMENTS\GITHUB\BOX-MAZE\3D GAME VER4.5\DEBUG\DXUTENUM.OBJ
C:\USERS\VANTAN\DOCUMENTS\GITHUB\BOX-MAZE\3D GAME VER4.5\DEBUG\DXUTGUI.OBJ
C:\USERS\VANTAN\DOCUMENTS\GITHUB\BOX-MAZE\3D GAME VER4.5\DEBUG\DXUTMISC.OBJ
C:\USERS\VANTAN\DOCUMENTS\GITHUB\BOX-MAZE\3D GAME VER4.5\DEBUG\DXUTRES.OBJ
C:\USERS\VANTAN\DOCUMENTS\GITHUB\BOX-MAZE\3D GAME VER4.5\DEBUG\DXUTSETTINGSDLG.OBJ
C:\USERS\VANTAN\DOCUMENTS\GITHUB\BOX-MAZE\3D GAME VER4.5\DEBUG\EMPTYPROJECT.EXE
C:\USERS\VANTAN\DOCUMENTS\GITHUB\BOX-MAZE\3D GAME VER4.5\DEBUG\EMPTYPROJECT.EXE.EMBED.MANIFEST
C:\USERS\VANTAN\DOCUMENTS\GITHUB\BOX-MAZE\3D GAME VER4.5\DEBUG\EMPTYPROJECT.EXE.EMBED.MANIFEST.RES
C:\USERS\VANTAN\DOCUMENTS\GITHUB\BOX-MAZE\3D GAME VER4.5\DEBUG\EMPTYPROJECT.EXE.INTERMEDIATE.MANIFEST
C:\USERS\VANTAN\DOCUMENTS\GITHUB\BOX-MAZE\3D GAME VER4.5\DEBUG\EMPTYPROJECT.ILK
C:\USERS\VANTAN\DOCUMENTS\GITHUB\BOX-MAZE\3D GAME VER4.5\DEBUG\EMPTYPROJECT.PCH
C:\USERS\VANTAN\DOCUMENTS\GITHUB\BOX-MAZE\3D GAME VER4.5\DEBUG\EMPTYPROJECT.PDB
C:\USERS\VANTAN\DOCUMENTS\GITHUB\BOX-MAZE\3D GAME VER4.5\DEBUG\EMPTYPROJECT.RES
C:\Users\vantan\Documents\GitHub\BOX-MAZE\3D game ver4.5\Debug\EmptyProject.write.1.tlog
C:\Users\vantan\Documents\GitHub\BOX-MAZE\3D game ver4.5\Debug\EmptyProject_manifest.rc
C:\USERS\VANTAN\DOCUMENTS\GITHUB\BOX-MAZE\3D GAME VER4.5\DEBUG\FONT.OBJ
C:\USERS\VANTAN\DOCUMENTS\GITHUB\BOX-MAZE\3D GAME VER4.5\DEBUG\FP_CAMERA.OBJ
C:\USERS\VANTAN\DOCUMENTS\GITHUB\BOX-MAZE\3D GAME VER4.5\DEBUG\GRAPHIC_BASE.OBJ
C:\USERS\VANTAN\DOCUMENTS\GITHUB\BOX-MAZE\3D GAME VER4.5\DEBUG\GRAPHICS_MANAGER.OBJ
C:\USERS\VANTAN\DOCUMENTS\GITHUB\BOX-MAZE\3D GAME VER4.5\DEBUG\INPUT.OBJ
C:\Users\vantan\Documents\GitHub\BOX-MAZE\3D game ver4.5\Debug\link.37516.read.1.tlog
C:\Users\vantan\Documents\GitHub\BOX-MAZE\3D game ver4.5\Debug\link.37516.write.1.tlog
C:\Users\vantan\Documents\GitHub\BOX-MAZE\3D game ver4.5\Debug\link.37516-cvtres.read.1.tlog
C:\Users\vantan\Documents\GitHub\BOX-MAZE\3D game ver4.5\Debug\link.37516-cvtres.write.1.tlog
C:\Users\vantan\Documents\GitHub\BOX-MAZE\3D game ver4.5\Debug\link.39432.read.1.tlog
C:\Users\vantan\Documents\GitHub\BOX-MAZE\3D game ver4.5\Debug\link.39432.write.1.tlog
C:\Users\vantan\Documents\GitHub\BOX-MAZE\3D game ver4.5\Debug\link.39432-cvtres.read.1.tlog
C:\Users\vantan\Documents\GitHub\BOX-MAZE\3D game ver4.5\Debug\link.39432-cvtres.write.1.tlog
C:\Users\vantan\Documents\GitHub\BOX-MAZE\3D game ver4.5\Debug\link.39760.read.1.tlog
C:\Users\vantan\Documents\GitHub\BOX-MAZE\3D game ver4.5\Debug\link.39760.write.1.tlog
C:\Users\vantan\Documents\GitHub\BOX-MAZE\3D game ver4.5\Debug\link.39760-cvtres.read.1.tlog
C:\Users\vantan\Documents\GitHub\BOX-MAZE\3D game ver4.5\Debug\link.39760-cvtres.write.1.tlog
C:\Users\vantan\Documents\GitHub\BOX-MAZE\3D game ver4.5\Debug\link.42260.read.1.tlog
C:\Users\vantan\Documents\GitHub\BOX-MAZE\3D game ver4.5\Debug\link.42260.write.1.tlog
C:\Users\vantan\Documents\GitHub\BOX-MAZE\3D game ver4.5\Debug\link.42260-cvtres.read.1.tlog
C:\Users\vantan\Documents\GitHub\BOX-MAZE\3D game ver4.5\Debug\link.42260-cvtres.write.1.tlog
C:\Users\vantan\Documents\GitHub\BOX-MAZE\3D game ver4.5\Debug\link.43488.read.1.tlog
C:\Users\vantan\Documents\GitHub\BOX-MAZE\3D game ver4.5\Debug\link.43488.write.1.tlog
C:\Users\vantan\Documents\GitHub\BOX-MAZE\3D game ver4.5\Debug\link.43488-cvtres.read.1.tlog
C:\Users\vantan\Documents\GitHub\BOX-MAZE\3D game ver4.5\Debug\link.43488-cvtres.write.1.tlog
C:\Users\vantan\Documents\GitHub\BOX-MAZE\3D game ver4.5\Debug\link.command.1.tlog
C:\Users\vantan\Documents\GitHub\BOX-MAZE\3D game ver4.5\Debug\link.read.1.tlog
C:\Users\vantan\Documents\GitHub\BOX-MAZE\3D game ver4.5\Debug\link.write.1.tlog
C:\Users\vantan\Documents\GitHub\BOX-MAZE\3D game ver4.5\Debug\link-cvtres.read.1.tlog
C:\Users\vantan\Documents\GitHub\BOX-MAZE\3D game ver4.5\Debug\link-cvtres.write.1.tlog
C:\USERS\VANTAN\DOCUMENTS\GITHUB\BOX-MAZE\3D GAME VER4.5\DEBUG\MAIN.OBJ
C:\USERS\VANTAN\DOCUMENTS\GITHUB\BOX-MAZE\3D GAME VER4.5\DEBUG\MESH.OBJ
C:\Users\vantan\Documents\GitHub\BOX-MAZE\3D game ver4.5\Debug\mt.command.1.tlog
C:\Users\vantan\Documents\GitHub\BOX-MAZE\3D game ver4.5\Debug\mt.read.1.tlog
C:\Users\vantan\Documents\GitHub\BOX-MAZE\3D game ver4.5\Debug\mt.write.1.tlog
C:\Users\vantan\Documents\GitHub\BOX-MAZE\3D game ver4.5\Debug\rc.command.1.tlog
C:\Users\vantan\Documents\GitHub\BOX-MAZE\3D game ver4.5\Debug\rc.read.1.tlog
C:\Users\vantan\Documents\GitHub\BOX-MAZE\3D game ver4.5\Debug\rc.write.1.tlog
C:\USERS\VANTAN\DOCUMENTS\GITHUB\BOX-MAZE\3D GAME VER4.5\DEBUG\SCENE_EDIT.OBJ
C:\USERS\VANTAN\DOCUMENTS\GITHUB\BOX-MAZE\3D GAME VER4.5\DEBUG\SCENE_FADE.OBJ
C:\USERS\VANTAN\DOCUMENTS\GITHUB\BOX-MAZE\3D GAME VER4.5\DEBUG\SCENE_MANAGER.OBJ
C:\USERS\VANTAN\DOCUMENTS\GITHUB\BOX-MAZE\3D GAME VER4.5\DEBUG\SCENE_PLAY.OBJ
C:\USERS\VANTAN\DOCUMENTS\GITHUB\BOX-MAZE\3D GAME VER4.5\DEBUG\SCENE_TITLE.OBJ
C:\USERS\VANTAN\DOCUMENTS\GITHUB\BOX-MAZE\3D GAME VER4.5\DEBUG\SDKMESH.OBJ
C:\USERS\VANTAN\DOCUMENTS\GITHUB\BOX-MAZE\3D GAME VER4.5\DEBUG\SDKMISC.OBJ
C:\USERS\VANTAN\DOCUMENTS\GITHUB\BOX-MAZE\3D GAME VER4.5\DEBUG\SDKSOUND.OBJ
C:\USERS\VANTAN\DOCUMENTS\GITHUB\BOX-MAZE\3D GAME VER4.5\DEBUG\SDKWAVEFILE.OBJ
C:\USERS\VANTAN\DOCUMENTS\GITHUB\BOX-MAZE\3D GAME VER4.5\DEBUG\SHADER_BASE.OBJ
C:\USERS\VANTAN\DOCUMENTS\GITHUB\BOX-MAZE\3D GAME VER4.5\DEBUG\SHADER_DEPTH_BUFFER_SHADOW.OBJ
C:\USERS\VANTAN\DOCUMENTS\GITHUB\BOX-MAZE\3D GAME VER4.5\DEBUG\SHADER_DIRECTIONAL_LIGHT.OBJ
C:\USERS\VANTAN\DOCUMENTS\GITHUB\BOX-MAZE\3D GAME VER4.5\DEBUG\SHADER_LAMBERT.OBJ
C:\USERS\VANTAN\DOCUMENTS\GITHUB\BOX-MAZE\3D GAME VER4.5\DEBUG\SOUND.OBJ
C:\USERS\VANTAN\DOCUMENTS\GITHUB\BOX-MAZE\3D GAME VER4.5\DEBUG\SOUND_MANAGER.OBJ
C:\USERS\VANTAN\DOCUMENTS\GITHUB\BOX-MAZE\3D GAME VER4.5\DEBUG\SPRITE.OBJ
C:\USERS\VANTAN\DOCUMENTS\GITHUB\BOX-MAZE\3D GAME VER4.5\DEBUG\TEXTURE.OBJ
C:\USERS\VANTAN\DOCUMENTS\GITHUB\BOX-MAZE\3D GAME VER4.5\DEBUG\TP_CAMERA.OBJ
C:\USERS\VANTAN\DOCUMENTS\GITHUB\BOX-MAZE\3D GAME VER4.5\DEBUG\TRANSFORM.OBJ
C:\USERS\VANTAN\DOCUMENTS\GITHUB\BOX-MAZE\3D GAME VER4.5\DEBUG\USER_INTERFACE.OBJ
C:\Users\vantan\Documents\GitHub\BOX-MAZE\3D game ver4.5\Debug\vc100.idb
C:\USERS\VANTAN\DOCUMENTS\GITHUB\BOX-MAZE\3D GAME VER4.5\DEBUG\VC100.PDB
C:\USERS\VANTAN\DOCUMENTS\GITHUB\BOX-MAZE\3D GAME VER4.5\DEBUG\VIEW_CAMERA.OBJ
C:\USERS\VANTAN\DOCUMENTS\GITHUB\BOX-MAZE\3D GAME VER4.5\DEBUG\XFILE.OBJ
